<?xml version="1.0" encoding="UTF-8"?>
<testsuite name="com.waduclay.homefinder.user.DefaultUserSetupIntegrationTest" tests="4" skipped="0" failures="0" errors="0" timestamp="2025-04-27T11:15:44.598Z" hostname="ABCZWMACWK1" time="0.008">
  <properties/>
  <testcase name="shouldCreateDefaultUserWhenNoneExists()" classname="com.waduclay.homefinder.user.DefaultUserSetupIntegrationTest" time="0.001"/>
  <testcase name="shouldSaveUserInMapRepository()" classname="com.waduclay.homefinder.user.DefaultUserSetupIntegrationTest" time="0.001"/>
  <testcase name="shouldNotCreateDefaultUserWhenOneAlreadyExists()" classname="com.waduclay.homefinder.user.DefaultUserSetupIntegrationTest" time="0.002"/>
  <testcase name="shouldEncodePasswordUsingBase64()" classname="com.waduclay.homefinder.user.DefaultUserSetupIntegrationTest" time="0.0"/>
  <system-out><![CDATA[]]></system-out>
  <system-err><![CDATA[Apr 27, 2025 1:15:44 PM com.waduclay.homefinder.users.DefaultUserSetup ensureDefaultUserExists
INFO: Default user already exists
]]></system-err>
</testsuite>
