<?xml version="1.0" encoding="UTF-8"?>
<testsuite name="com.waduclay.homefinder.baseuser.BaseUserTest" tests="31" skipped="0" failures="0" errors="0" timestamp="2025-04-27T11:15:43.821Z" hostname="ABCZWMACWK1" time="0.292">
  <properties/>
  <testcase name="createUser_createsUserWithCorrectProperties()" classname="com.waduclay.homefinder.baseuser.BaseUserTest" time="0.006"/>
  <testcase name="equals_shouldCompareBasedOnId()" classname="com.waduclay.homefinder.baseuser.BaseUserTest" time="0.004"/>
  <testcase name="hashCode_shouldBeConsistent()" classname="com.waduclay.homefinder.baseuser.BaseUserTest" time="0.004"/>
  <testcase name="getters_returnCorrectValues()" classname="com.waduclay.homefinder.baseuser.BaseUserTest" time="0.003"/>
  <testcase name="[1] 3" classname="com.waduclay.homefinder.baseuser.BaseUserTest" time="0.015"/>
  <testcase name="[2] 5" classname="com.waduclay.homefinder.baseuser.BaseUserTest" time="0.003"/>
  <testcase name="changePassword_shouldUpdatePasswordAndActivateAccount()" classname="com.waduclay.homefinder.baseuser.BaseUserTest" time="0.077"/>
  <testcase name="concurrentFailedLoginAttempts_shouldMaintainConsistentState()" classname="com.waduclay.homefinder.baseuser.BaseUserTest" time="0.007"/>
  <testcase name="changePassword_updatesPasswordAndActivatesAccount()" classname="com.waduclay.homefinder.baseuser.BaseUserTest" time="0.005"/>
  <testcase name="resetLoginAttempt_shouldResetCounterToZero()" classname="com.waduclay.homefinder.baseuser.BaseUserTest" time="0.005"/>
  <testcase name="equals_shouldReturnTrueForSameInstance()" classname="com.waduclay.homefinder.baseuser.BaseUserTest" time="0.003"/>
  <testcase name="resetLoginAttempt_clearsFailedAttempts()" classname="com.waduclay.homefinder.baseuser.BaseUserTest" time="0.003"/>
  <testcase name="equals_shouldReturnFalseForNull()" classname="com.waduclay.homefinder.baseuser.BaseUserTest" time="0.002"/>
  <testcase name="accountStatusTransitions_shouldFollowBusinessRules()" classname="com.waduclay.homefinder.baseuser.BaseUserTest" time="0.005"/>
  <testcase name="createUser_withNullPassword_shouldThrowException()" classname="com.waduclay.homefinder.baseuser.BaseUserTest" time="0.004"/>
  <testcase name="[1] DEFAULT" classname="com.waduclay.homefinder.baseuser.BaseUserTest" time="0.005"/>
  <testcase name="[2] USER" classname="com.waduclay.homefinder.baseuser.BaseUserTest" time="0.002"/>
  <testcase name="[3] ADMIN" classname="com.waduclay.homefinder.baseuser.BaseUserTest" time="0.005"/>
  <testcase name="recordFailedLoginAttempt_incrementsCounterAndLocksAfterThreshold()" classname="com.waduclay.homefinder.baseuser.BaseUserTest" time="0.003"/>
  <testcase name="recordFailedLoginAttempt_shouldNotExceedMaxInt()" classname="com.waduclay.homefinder.baseuser.BaseUserTest" time="0.002"/>
  <testcase name="changePassword_shouldUnlockAccountIfLocked()" classname="com.waduclay.homefinder.baseuser.BaseUserTest" time="0.003"/>
  <testcase name="createUser_withNullAuthProvider_shouldThrowException()" classname="com.waduclay.homefinder.baseuser.BaseUserTest" time="0.004"/>
  <testcase name="createUser_withNullUsername_shouldThrowException()" classname="com.waduclay.homefinder.baseuser.BaseUserTest" time="0.003"/>
  <testcase name="unlockAccount_shouldResetStatusAndAttempts()" classname="com.waduclay.homefinder.baseuser.BaseUserTest" time="0.003"/>
  <testcase name="equals_shouldReturnFalseForDifferentClass()" classname="com.waduclay.homefinder.baseuser.BaseUserTest" time="0.003"/>
  <testcase name="[1] APP" classname="com.waduclay.homefinder.baseuser.BaseUserTest" time="0.003"/>
  <testcase name="[2] GOOGLE" classname="com.waduclay.homefinder.baseuser.BaseUserTest" time="0.003"/>
  <testcase name="[3] GITHUB" classname="com.waduclay.homefinder.baseuser.BaseUserTest" time="0.002"/>
  <testcase name="hashCode_shouldBeEqualForEqualObjects()" classname="com.waduclay.homefinder.baseuser.BaseUserTest" time="0.003"/>
  <testcase name="createDefaultUser_createsUserWithCorrectProperties()" classname="com.waduclay.homefinder.baseuser.BaseUserTest" time="0.005"/>
  <testcase name="createAdmin_createsAdminWithCorrectProperties()" classname="com.waduclay.homefinder.baseuser.BaseUserTest" time="0.004"/>
  <system-out><![CDATA[]]></system-out>
  <system-err><![CDATA[]]></system-err>
</testsuite>
