<?xml version="1.0" encoding="UTF-8"?>
<testsuite name="com.waduclay.homefinder.shared.UserAccountStatusTest" tests="5" skipped="0" failures="0" errors="0" timestamp="2025-04-27T11:15:44.477Z" hostname="ABCZWMACWK1" time="0.014">
  <properties/>
  <testcase name="inactive_createsInactiveAccount()" classname="com.waduclay.homefinder.shared.UserAccountStatusTest" time="0.002"/>
  <testcase name="equalsAndHashCode_differentForDifferentStates()" classname="com.waduclay.homefinder.shared.UserAccountStatusTest" time="0.001"/>
  <testcase name="active_createsActiveAccount()" classname="com.waduclay.homefinder.shared.UserAccountStatusTest" time="0.004"/>
  <testcase name="expired_createsExpiredAccount()" classname="com.waduclay.homefinder.shared.UserAccountStatusTest" time="0.001"/>
  <testcase name="locked_createsLockedAccount()" classname="com.waduclay.homefinder.shared.UserAccountStatusTest" time="0.002"/>
  <system-out><![CDATA[]]></system-out>
  <system-err><![CDATA[]]></system-err>
</testsuite>
