<?xml version="1.0" encoding="UTF-8"?>
<testsuite name="com.waduclay.homefinder.genericuser.UserTest" tests="8" skipped="0" failures="0" errors="0" timestamp="2025-04-27T11:15:44.262Z" hostname="ABCZWMACWK1" time="0.016">
  <properties/>
  <testcase name="Add payslip URL when one already exists throws exception" classname="com.waduclay.homefinder.genericuser.UserTest" time="0.001"/>
  <testcase name="Get national ID URL when not set returns null" classname="com.waduclay.homefinder.genericuser.UserTest" time="0.001"/>
  <testcase name="Get payslip URL when not set returns null" classname="com.waduclay.homefinder.genericuser.UserTest" time="0.003"/>
  <testcase name="Add national ID URL when one already exists throws exception" classname="com.waduclay.homefinder.genericuser.UserTest" time="0.002"/>
  <testcase name="User creation with valid parameters" classname="com.waduclay.homefinder.genericuser.UserTest" time="0.002"/>
  <testcase name="Add national ID URL when none exists" classname="com.waduclay.homefinder.genericuser.UserTest" time="0.0"/>
  <testcase name="Add payslip URL when none exists" classname="com.waduclay.homefinder.genericuser.UserTest" time="0.001"/>
  <testcase name="Update user with valid parameters" classname="com.waduclay.homefinder.genericuser.UserTest" time="0.001"/>
  <system-out><![CDATA[]]></system-out>
  <system-err><![CDATA[]]></system-err>
</testsuite>
