<?xml version="1.0" encoding="UTF-8"?>
<testsuite name="com.waduclay.homefinder.shared.PasswordTest" tests="21" skipped="0" failures="0" errors="0" timestamp="2025-04-27T11:15:44.409Z" hostname="ABCZWMACWK1" time="0.066">
  <properties/>
  <testcase name="password_isImmutable()" classname="com.waduclay.homefinder.shared.PasswordTest" time="0.003"/>
  <testcase name="validator_handlesNullInput()" classname="com.waduclay.homefinder.shared.PasswordTest" time="0.002"/>
  <testcase name="[1] null" classname="com.waduclay.homefinder.shared.PasswordTest" time="0.002"/>
  <testcase name="[2] " classname="com.waduclay.homefinder.shared.PasswordTest" time="0.003"/>
  <testcase name="[3] " classname="com.waduclay.homefinder.shared.PasswordTest" time="0.001"/>
  <testcase name="[4]  " classname="com.waduclay.homefinder.shared.PasswordTest" time="0.002"/>
  <testcase name="[5]    " classname="com.waduclay.homefinder.shared.PasswordTest" time="0.001"/>
  <testcase name="validator_providesDescriptiveErrorMessage()" classname="com.waduclay.homefinder.shared.PasswordTest" time="0.002"/>
  <testcase name="[1] ValidPass123!" classname="com.waduclay.homefinder.shared.PasswordTest" time="0.002"/>
  <testcase name="[2] AnotherValid1@" classname="com.waduclay.homefinder.shared.PasswordTest" time="0.002"/>
  <testcase name="[3] LongEnoughPassword123#" classname="com.waduclay.homefinder.shared.PasswordTest" time="0.002"/>
  <testcase name="of_createsPasswordWithEncryptedValue()" classname="com.waduclay.homefinder.shared.PasswordTest" time="0.002"/>
  <testcase name="[1] short" classname="com.waduclay.homefinder.shared.PasswordTest" time="0.004"/>
  <testcase name="[2] nouppercase123!" classname="com.waduclay.homefinder.shared.PasswordTest" time="0.001"/>
  <testcase name="[3] NOLOWERCASE123!" classname="com.waduclay.homefinder.shared.PasswordTest" time="0.002"/>
  <testcase name="[4] NoDigitsHere!" classname="com.waduclay.homefinder.shared.PasswordTest" time="0.002"/>
  <testcase name="[5] MissingSpecial123" classname="com.waduclay.homefinder.shared.PasswordTest" time="0.001"/>
  <testcase name="[6] ThisPasswordIsWayTooLongForTheDefaultValidatorRequirements123!" classname="com.waduclay.homefinder.shared.PasswordTest" time="0.002"/>
  <testcase name="of_rejectsInvalidPasswordsBasedOnValidator()" classname="com.waduclay.homefinder.shared.PasswordTest" time="0.002"/>
  <testcase name="of_usesDefaultValidatorWhenNotSpecified()" classname="com.waduclay.homefinder.shared.PasswordTest" time="0.002"/>
  <testcase name="validatorBuilder_throwsOnInvalidConfiguration()" classname="com.waduclay.homefinder.shared.PasswordTest" time="0.003"/>
  <system-out><![CDATA[]]></system-out>
  <system-err><![CDATA[]]></system-err>
</testsuite>
