<?xml version="1.0" encoding="UTF-8"?>
<testsuite name="com.waduclay.homefinder.shared.NationalIdNumberTest" tests="28" skipped="0" failures="0" errors="0" timestamp="2025-04-27T11:15:44.345Z" hostname="ABCZWMACWK1" time="0.061">
  <properties/>
  <testcase name="isImmutable()" classname="com.waduclay.homefinder.shared.NationalIdNumberTest" time="0.001"/>
  <testcase name="getValue_returnsNormalizedValue()" classname="com.waduclay.homefinder.shared.NationalIdNumberTest" time="0.001"/>
  <testcase name="[1] 12345678A12" classname="com.waduclay.homefinder.shared.NationalIdNumberTest" time="0.002"/>
  <testcase name="[2] 123456789B12" classname="com.waduclay.homefinder.shared.NationalIdNumberTest" time="0.001"/>
  <testcase name="[3]  12345678A12 " classname="com.waduclay.homefinder.shared.NationalIdNumberTest" time="0.001"/>
  <testcase name="[4] 123-456-78A-12" classname="com.waduclay.homefinder.shared.NationalIdNumberTest" time="0.001"/>
  <testcase name="[5] 12345678a12" classname="com.waduclay.homefinder.shared.NationalIdNumberTest" time="0.001"/>
  <testcase name="toString_returnsValue()" classname="com.waduclay.homefinder.shared.NationalIdNumberTest" time="0.001"/>
  <testcase name="from_normalizesWhitespace()" classname="com.waduclay.homefinder.shared.NationalIdNumberTest" time="0.001"/>
  <testcase name="from_normalizesCase()" classname="com.waduclay.homefinder.shared.NationalIdNumberTest" time="0.0"/>
  <testcase name="from_normalizesHyphens()" classname="com.waduclay.homefinder.shared.NationalIdNumberTest" time="0.0"/>
  <testcase name="equalsAndHashCode_differentForDifferentIds()" classname="com.waduclay.homefinder.shared.NationalIdNumberTest" time="0.002"/>
  <testcase name="equals_returnsFalseForDifferentClass()" classname="com.waduclay.homefinder.shared.NationalIdNumberTest" time="0.001"/>
  <testcase name="equals_returnsFalseForNull()" classname="com.waduclay.homefinder.shared.NationalIdNumberTest" time="0.001"/>
  <testcase name="from_throwsDescriptiveErrorMessage()" classname="com.waduclay.homefinder.shared.NationalIdNumberTest" time="0.001"/>
  <testcase name="equalsAndHashCode_consistentForSameId()" classname="com.waduclay.homefinder.shared.NationalIdNumberTest" time="0.001"/>
  <testcase name="[1] 1234567A12" classname="com.waduclay.homefinder.shared.NationalIdNumberTest" time="0.001"/>
  <testcase name="[2] 1234567890C12" classname="com.waduclay.homefinder.shared.NationalIdNumberTest" time="0.001"/>
  <testcase name="[3] 12345678A123" classname="com.waduclay.homefinder.shared.NationalIdNumberTest" time="0.0"/>
  <testcase name="[4] 12345678A1" classname="com.waduclay.homefinder.shared.NationalIdNumberTest" time="0.002"/>
  <testcase name="[5] 12345678 12" classname="com.waduclay.homefinder.shared.NationalIdNumberTest" time="0.001"/>
  <testcase name="[6] 12345678*12" classname="com.waduclay.homefinder.shared.NationalIdNumberTest" time="0.001"/>
  <testcase name="[7] ABCDEFGHIJKL" classname="com.waduclay.homefinder.shared.NationalIdNumberTest" time="0.001"/>
  <testcase name="[1] null" classname="com.waduclay.homefinder.shared.NationalIdNumberTest" time="0.001"/>
  <testcase name="[2] " classname="com.waduclay.homefinder.shared.NationalIdNumberTest" time="0.001"/>
  <testcase name="[3] " classname="com.waduclay.homefinder.shared.NationalIdNumberTest" time="0.001"/>
  <testcase name="[4]  " classname="com.waduclay.homefinder.shared.NationalIdNumberTest" time="0.002"/>
  <testcase name="[5]    " classname="com.waduclay.homefinder.shared.NationalIdNumberTest" time="0.001"/>
  <system-out><![CDATA[]]></system-out>
  <system-err><![CDATA[]]></system-err>
</testsuite>
